Wearable/build/outputs/logs/manifest-merger-release-report.txt
-- Merging decision tree log ---
manifest
ADDED from src/main/AndroidManifest.xml:2:1-163:12
	package
		ADDED from src/main/AndroidManifest.xml:4:5-39
		INJECTED from src/main/AndroidManifest.xml
		INJECTED from src/main/AndroidManifest.xml
	android:versionName
		INJECTED from src/main/AndroidManifest.xml
		INJECTED from src/main/AndroidManifest.xml
	xmlns:tools
		ADDED from src/main/AndroidManifest.xml:3:5-51
	android:launchMode
		ADDED from src/main/AndroidManifest.xml:5:5-40
	xmlns:android
		ADDED from src/main/AndroidManifest.xml:2:11-69
	android:versionCode
		INJECTED from src/main/AndroidManifest.xml
		INJECTED from src/main/AndroidManifest.xml
uses-feature#android.hardware.type.watch
ADDED from src/main/AndroidManifest.xml:13:5-64
	android:name
		ADDED from src/main/AndroidManifest.xml:13:19-61
uses-permission#com.google.android.permission.PROVIDE_BACKGROUND
ADDED from src/main/AndroidManifest.xml:15:5-88
	android:name
		ADDED from src/main/AndroidManifest.xml:15:22-85
uses-permission#android.permission.READ_CALENDAR
ADDED from src/main/AndroidManifest.xml:18:5-72
	android:name
		ADDED from src/main/AndroidManifest.xml:18:22-69
uses-permission#android.permission.WRITE_CALENDAR
ADDED from src/main/AndroidManifest.xml:19:5-73
	android:name
		ADDED from src/main/AndroidManifest.xml:19:22-70
uses-permission#android.permission.GET_ACCOUNTS
ADDED from src/main/AndroidManifest.xml:20:5-71
	android:name
		ADDED from src/main/AndroidManifest.xml:20:22-68
uses-permission#android.permission.ACCESS_FINE_LOCATION
ADDED from src/main/AndroidManifest.xml:21:5-79
	android:name
		ADDED from src/main/AndroidManifest.xml:21:22-76
uses-permission#android.permission.RECEIVE_BOOT_COMPLETED
ADDED from src/main/AndroidManifest.xml:22:5-81
	android:name
		ADDED from src/main/AndroidManifest.xml:22:22-78
uses-permission#android.permission.BLUETOOTH
ADDED from src/main/AndroidManifest.xml:23:5-68
	android:name
		ADDED from src/main/AndroidManifest.xml:23:22-65
uses-permission#android.permission.BLUETOOTH_ADMIN
ADDED from src/main/AndroidManifest.xml:24:5-74
	android:name
		ADDED from src/main/AndroidManifest.xml:24:22-71
uses-permission#android.permission.READ_EXTERNAL_STORAGE
ADDED from src/main/AndroidManifest.xml:25:5-80
	android:name
		ADDED from src/main/AndroidManifest.xml:25:22-77
uses-permission#android.permission.READ_INTERNAL_STORAGE
ADDED from src/main/AndroidManifest.xml:26:5-80
	android:name
		ADDED from src/main/AndroidManifest.xml:26:22-77
uses-permission#android.permission.WRITE_EXTERNAL_STORAGE
ADDED from src/main/AndroidManifest.xml:27:5-81
	android:name
		ADDED from src/main/AndroidManifest.xml:27:22-78
uses-permission#android.permission.WRITE_INTERNAL_STORAGE
ADDED from src/main/AndroidManifest.xml:28:5-81
	android:name
		ADDED from src/main/AndroidManifest.xml:28:22-78
uses-permission#android.permission.BODY_SENSORS
ADDED from src/main/AndroidManifest.xml:29:5-71
	android:name
		ADDED from src/main/AndroidManifest.xml:29:22-68
uses-permission#android.permission.INTERNET
ADDED from src/main/AndroidManifest.xml:30:5-67
MERGED from [com.google.android.gms:play-services-ads:8.4.0] AndroidManifest.xml:20:5-66
MERGED from [com.google.android.gms:play-services-analytics:8.4.0] AndroidManifest.xml:21:5-67
MERGED from [com.google.android.gms:play-services-appinvite:8.4.0] AndroidManifest.xml:19:5-67
MERGED from [com.google.android.gms:play-services-maps:8.4.0] AndroidManifest.xml:21:5-66
MERGED from [com.google.android.gms:play-services-gcm:8.4.0] AndroidManifest.xml:22:5-67
MERGED from [com.google.android.gms:play-services-measurement:8.4.0] AndroidManifest.xml:21:5-67
MERGED from [com.google.android.gms:play-services-maps:8.4.0] AndroidManifest.xml:21:5-66
MERGED from [com.google.android.gms:play-services-maps:8.4.0] AndroidManifest.xml:21:5-66
MERGED from [com.google.android.gms:play-services-measurement:8.4.0] AndroidManifest.xml:21:5-67
MERGED from [com.google.android.gms:play-services-maps:8.4.0] AndroidManifest.xml:21:5-66
MERGED from [com.google.android.gms:play-services-ads:8.4.0] AndroidManifest.xml:20:5-66
MERGED from [com.google.android.gms:play-services-analytics:8.4.0] AndroidManifest.xml:21:5-67
MERGED from [com.google.android.gms:play-services-appinvite:8.4.0] AndroidManifest.xml:19:5-67
MERGED from [com.google.android.gms:play-services-maps:8.4.0] AndroidManifest.xml:21:5-66
MERGED from [com.google.android.gms:play-services-gcm:8.4.0] AndroidManifest.xml:22:5-67
MERGED from [com.google.android.gms:play-services-measurement:8.4.0] AndroidManifest.xml:21:5-67
MERGED from [com.google.android.gms:play-services-maps:8.4.0] AndroidManifest.xml:21:5-66
MERGED from [com.google.android.gms:play-services-maps:8.4.0] AndroidManifest.xml:21:5-66
MERGED from [com.google.android.gms:play-services-measurement:8.4.0] AndroidManifest.xml:21:5-67
MERGED from [com.google.android.gms:play-services-maps:8.4.0] AndroidManifest.xml:21:5-66
MERGED from [com.google.android.gms:play-services-maps:8.4.0] AndroidManifest.xml:21:5-66
	android:name
		ADDED from src/main/AndroidManifest.xml:30:22-64
uses-permission#android.permission.ACCESS_NETWORK_STATE
ADDED from src/main/AndroidManifest.xml:31:5-79
MERGED from [com.google.android.gms:play-services-ads:8.4.0] AndroidManifest.xml:21:5-78
MERGED from [com.google.android.gms:play-services-analytics:8.4.0] AndroidManifest.xml:22:5-79
MERGED from [com.google.android.gms:play-services-maps:8.4.0] AndroidManifest.xml:20:5-78
MERGED from [com.google.android.gms:play-services-measurement:8.4.0] AndroidManifest.xml:22:5-79
MERGED from [com.google.android.gms:play-services-maps:8.4.0] AndroidManifest.xml:20:5-78
MERGED from [com.google.android.gms:play-services-maps:8.4.0] AndroidManifest.xml:20:5-78
MERGED from [com.google.android.gms:play-services-measurement:8.4.0] AndroidManifest.xml:22:5-79
MERGED from [com.google.android.gms:play-services-nearby:8.4.0] AndroidManifest.xml:19:5-79
MERGED from [com.google.android.gms:play-services-maps:8.4.0] AndroidManifest.xml:20:5-78
MERGED from [com.google.android.gms:play-services-ads:8.4.0] AndroidManifest.xml:21:5-78
MERGED from [com.google.android.gms:play-services-analytics:8.4.0] AndroidManifest.xml:22:5-79
MERGED from [com.google.android.gms:play-services-maps:8.4.0] AndroidManifest.xml:20:5-78
MERGED from [com.google.android.gms:play-services-measurement:8.4.0] AndroidManifest.xml:22:5-79
MERGED from [com.google.android.gms:play-services-maps:8.4.0] AndroidManifest.xml:20:5-78
MERGED from [com.google.android.gms:play-services-maps:8.4.0] AndroidManifest.xml:20:5-78
MERGED from [com.google.android.gms:play-services-measurement:8.4.0] AndroidManifest.xml:22:5-79
MERGED from [com.google.android.gms:play-services-nearby:8.4.0] AndroidManifest.xml:19:5-79
MERGED from [com.google.android.gms:play-services-maps:8.4.0] AndroidManifest.xml:20:5-78
MERGED from [com.google.android.gms:play-services-maps:8.4.0] AndroidManifest.xml:20:5-78
	android:name
		ADDED from src/main/AndroidManifest.xml:31:22-76
uses-permission#android.permission.ACCESS_WIFI_STATE
ADDED from src/main/AndroidManifest.xml:32:5-76
	android:name
		ADDED from src/main/AndroidManifest.xml:32:22-73
uses-permission#android.permission.WRITE_SETTINGS
ADDED from src/main/AndroidManifest.xml:34:5-73
	android:name
		ADDED from src/main/AndroidManifest.xml:34:22-70
uses-permission#com.google.android.gms.permission.ACTIVITY_RECOGNITION
ADDED from src/main/AndroidManifest.xml:36:5-94
	android:name
		ADDED from src/main/AndroidManifest.xml:36:22-91
uses-permission#android.permission.VIBRATE
ADDED from src/main/AndroidManifest.xml:37:5-65
	android:name
		ADDED from src/main/AndroidManifest.xml:37:22-63
uses-permission#android.permission.WAKE_LOCK
ADDED from src/main/AndroidManifest.xml:40:5-68
MERGED from [com.google.android.gms:play-services-measurement:8.4.0] AndroidManifest.xml:24:5-67
MERGED from [com.google.android.gms:play-services-measurement:8.4.0] AndroidManifest.xml:24:5-67
MERGED from [com.google.android.gms:play-services-measurement:8.4.0] AndroidManifest.xml:24:5-67
MERGED from [com.google.android.gms:play-services-measurement:8.4.0] AndroidManifest.xml:24:5-67
	android:name
		ADDED from src/main/AndroidManifest.xml:40:22-65
uses-permission#com.android.alarm.permission.SET_ALARM
ADDED from src/main/AndroidManifest.xml:41:5-77
	android:name
		ADDED from src/main/AndroidManifest.xml:41:22-75
application
ADDED from src/main/AndroidManifest.xml:43:5-161:19
MERGED from [breathe-android-app:shared:unspecified] AndroidManifest.xml:12:5-16:19
REJECTED from [com.google.android.gms:play-services:8.4.0] AndroidManifest.xml:19:5-20
REJECTED from [com.google.android.gms:play-services-ads:8.4.0] AndroidManifest.xml:24:5-32:19
REJECTED from [com.google.android.gms:play-services-basement:8.4.0] AndroidManifest.xml:20:5-24:19
REJECTED from [com.android.support:support-v4:23.1.1] AndroidManifest.xml:22:5-20
REJECTED from [com.google.android.gms:play-services-analytics:8.4.0] AndroidManifest.xml:24:5-20
REJECTED from [com.google.android.gms:play-services-basement:8.4.0] AndroidManifest.xml:20:5-24:19
REJECTED from [com.android.support:support-v4:23.1.1] AndroidManifest.xml:22:5-20
REJECTED from [com.google.android.gms:play-services-appindexing:8.4.0] AndroidManifest.xml:19:5-20
REJECTED from [com.google.android.gms:play-services-basement:8.4.0] AndroidManifest.xml:20:5-24:19
REJECTED from [com.android.support:support-v4:23.1.1] AndroidManifest.xml:22:5-20
REJECTED from [com.google.android.gms:play-services-appinvite:8.4.0] AndroidManifest.xml:20:5-30:19
REJECTED from [com.google.android.gms:play-services-basement:8.4.0] AndroidManifest.xml:20:5-24:19
REJECTED from [com.android.support:support-v4:23.1.1] AndroidManifest.xml:22:5-20
REJECTED from [com.google.android.gms:play-services-appstate:8.4.0] AndroidManifest.xml:19:5-20
REJECTED from [com.google.android.gms:play-services-basement:8.4.0] AndroidManifest.xml:20:5-24:19
REJECTED from [com.android.support:support-v4:23.1.1] AndroidManifest.xml:22:5-20
REJECTED from [com.google.android.gms:play-services-auth:8.4.0] AndroidManifest.xml:20:5-32:19
REJECTED from [com.google.android.gms:play-services-basement:8.4.0] AndroidManifest.xml:20:5-24:19
REJECTED from [com.android.support:support-v4:23.1.1] AndroidManifest.xml:22:5-20
REJECTED from [com.google.android.gms:play-services-basement:8.4.0] AndroidManifest.xml:20:5-24:19
REJECTED from [com.android.support:support-v4:23.1.1] AndroidManifest.xml:22:5-20
REJECTED from [com.google.android.gms:play-services-basement:8.4.0] AndroidManifest.xml:20:5-24:19
REJECTED from [com.android.support:support-v4:23.1.1] AndroidManifest.xml:22:5-20
REJECTED from [com.google.android.gms:play-services-cast:8.4.0] AndroidManifest.xml:19:5-20
REJECTED from [com.google.android.gms:play-services-basement:8.4.0] AndroidManifest.xml:20:5-24:19
REJECTED from [com.android.support:support-v4:23.1.1] AndroidManifest.xml:22:5-20
REJECTED from [com.android.support:mediarouter-v7:23.0.0] AndroidManifest.xml:22:5-20
REJECTED from [com.android.support:appcompat-v7:23.1.1] AndroidManifest.xml:22:5-20
REJECTED from [com.android.support:support-v4:23.1.1] AndroidManifest.xml:22:5-20
REJECTED from [com.google.android.gms:play-services-drive:8.4.0] AndroidManifest.xml:19:5-20
REJECTED from [com.google.android.gms:play-services-basement:8.4.0] AndroidManifest.xml:20:5-24:19
REJECTED from [com.android.support:support-v4:23.1.1] AndroidManifest.xml:22:5-20
REJECTED from [com.google.android.gms:play-services-fitness:8.4.0] AndroidManifest.xml:19:5-20
REJECTED from [com.google.android.gms:play-services-basement:8.4.0] AndroidManifest.xml:20:5-24:19
REJECTED from [com.android.support:support-v4:23.1.1] AndroidManifest.xml:22:5-20
REJECTED from [com.google.android.gms:play-services-location:8.4.0] AndroidManifest.xml:19:5-20
REJECTED from [com.google.android.gms:play-services-basement:8.4.0] AndroidManifest.xml:20:5-24:19
REJECTED from [com.android.support:support-v4:23.1.1] AndroidManifest.xml:22:5-20
REJECTED from [com.google.android.gms:play-services-maps:8.4.0] AndroidManifest.xml:27:5-20
REJECTED from [com.google.android.gms:play-services-basement:8.4.0] AndroidManifest.xml:20:5-24:19
REJECTED from [com.android.support:support-v4:23.1.1] AndroidManifest.xml:22:5-20
REJECTED from [com.google.android.gms:play-services-games:8.4.0] AndroidManifest.xml:19:5-20
REJECTED from [com.google.android.gms:play-services-basement:8.4.0] AndroidManifest.xml:20:5-24:19
REJECTED from [com.android.support:support-v4:23.1.1] AndroidManifest.xml:22:5-20
REJECTED from [com.google.android.gms:play-services-drive:8.4.0] AndroidManifest.xml:19:5-20
REJECTED from [com.google.android.gms:play-services-basement:8.4.0] AndroidManifest.xml:20:5-24:19
REJECTED from [com.android.support:support-v4:23.1.1] AndroidManifest.xml:22:5-20
REJECTED from [com.google.android.gms:play-services-gcm:8.4.0] AndroidManifest.xml:24:5-20
REJECTED from [com.google.android.gms:play-services-basement:8.4.0] AndroidManifest.xml:20:5-24:19
REJECTED from [com.android.support:support-v4:23.1.1] AndroidManifest.xml:22:5-20
REJECTED from [com.google.android.gms:play-services-measurement:8.4.0] AndroidManifest.xml:26:5-46:19
REJECTED from [com.google.android.gms:play-services-basement:8.4.0] AndroidManifest.xml:20:5-24:19
REJECTED from [com.android.support:support-v4:23.1.1] AndroidManifest.xml:22:5-20
REJECTED from [com.google.android.gms:play-services-identity:8.4.0] AndroidManifest.xml:19:5-20
REJECTED from [com.google.android.gms:play-services-basement:8.4.0] AndroidManifest.xml:20:5-24:19
REJECTED from [com.android.support:support-v4:23.1.1] AndroidManifest.xml:22:5-20
REJECTED from [com.google.android.gms:play-services-location:8.4.0] AndroidManifest.xml:19:5-20
REJECTED from [com.google.android.gms:play-services-basement:8.4.0] AndroidManifest.xml:20:5-24:19
REJECTED from [com.android.support:support-v4:23.1.1] AndroidManifest.xml:22:5-20
REJECTED from [com.google.android.gms:play-services-maps:8.4.0] AndroidManifest.xml:27:5-20
REJECTED from [com.google.android.gms:play-services-basement:8.4.0] AndroidManifest.xml:20:5-24:19
REJECTED from [com.android.support:support-v4:23.1.1] AndroidManifest.xml:22:5-20
REJECTED from [com.google.android.gms:play-services-maps:8.4.0] AndroidManifest.xml:27:5-20
REJECTED from [com.google.android.gms:play-services-basement:8.4.0] AndroidManifest.xml:20:5-24:19
REJECTED from [com.android.support:support-v4:23.1.1] AndroidManifest.xml:22:5-20
REJECTED from [com.google.android.gms:play-services-measurement:8.4.0] AndroidManifest.xml:26:5-46:19
REJECTED from [com.google.android.gms:play-services-basement:8.4.0] AndroidManifest.xml:20:5-24:19
REJECTED from [com.android.support:support-v4:23.1.1] AndroidManifest.xml:22:5-20
REJECTED from [com.google.android.gms:play-services-nearby:8.4.0] AndroidManifest.xml:20:5-20
REJECTED from [com.google.android.gms:play-services-basement:8.4.0] AndroidManifest.xml:20:5-24:19
REJECTED from [com.android.support:support-v4:23.1.1] AndroidManifest.xml:22:5-20
REJECTED from [com.google.android.gms:play-services-panorama:8.4.0] AndroidManifest.xml:19:5-20
REJECTED from [com.google.android.gms:play-services-basement:8.4.0] AndroidManifest.xml:20:5-24:19
REJECTED from [com.android.support:support-v4:23.1.1] AndroidManifest.xml:22:5-20
REJECTED from [com.google.android.gms:play-services-plus:8.4.0] AndroidManifest.xml:19:5-20
REJECTED from [com.google.android.gms:play-services-basement:8.4.0] AndroidManifest.xml:20:5-24:19
REJECTED from [com.android.support:support-v4:23.1.1] AndroidManifest.xml:22:5-20
REJECTED from [com.google.android.gms:play-services-safetynet:8.4.0] AndroidManifest.xml:19:5-20
REJECTED from [com.google.android.gms:play-services-basement:8.4.0] AndroidManifest.xml:20:5-24:19
REJECTED from [com.android.support:support-v4:23.1.1] AndroidManifest.xml:22:5-20
REJECTED from [com.google.android.gms:play-services-vision:8.4.0] AndroidManifest.xml:5:5-20
REJECTED from [com.google.android.gms:play-services-basement:8.4.0] AndroidManifest.xml:20:5-24:19
REJECTED from [com.android.support:support-v4:23.1.1] AndroidManifest.xml:22:5-20
REJECTED from [com.google.android.gms:play-services-basement:8.4.0] AndroidManifest.xml:20:5-24:19
REJECTED from [com.android.support:support-v4:23.1.1] AndroidManifest.xml:22:5-20
REJECTED from [com.google.android.gms:play-services-identity:8.4.0] AndroidManifest.xml:19:5-20
REJECTED from [com.google.android.gms:play-services-basement:8.4.0] AndroidManifest.xml:20:5-24:19
REJECTED from [com.android.support:support-v4:23.1.1] AndroidManifest.xml:22:5-20
REJECTED from [com.google.android.gms:play-services-maps:8.4.0] AndroidManifest.xml:27:5-20
REJECTED from [com.google.android.gms:play-services-basement:8.4.0] AndroidManifest.xml:20:5-24:19
REJECTED from [com.android.support:support-v4:23.1.1] AndroidManifest.xml:22:5-20
REJECTED from [com.google.android.gms:play-services-wearable:8.4.0] AndroidManifest.xml:19:5-20
REJECTED from [com.google.android.gms:play-services-basement:8.4.0] AndroidManifest.xml:20:5-24:19
REJECTED from [com.android.support:support-v4:23.1.1] AndroidManifest.xml:22:5-20
REJECTED from [com.google.android.gms:play-services-wearable:8.4.0] AndroidManifest.xml:19:5-20
REJECTED from [com.google.android.gms:play-services-basement:8.4.0] AndroidManifest.xml:20:5-24:19
REJECTED from [com.android.support:support-v4:23.1.1] AndroidManifest.xml:22:5-20
REJECTED from [com.android.support:appcompat-v7:23.1.1] AndroidManifest.xml:22:5-20
REJECTED from [com.android.support:support-v4:23.1.1] AndroidManifest.xml:22:5-20
REJECTED from [me.denley.courier:courier:1.2.1] AndroidManifest.xml:10:5-20
REJECTED from [com.google.android.gms:play-services-wearable:8.4.0] AndroidManifest.xml:19:5-20
REJECTED from [com.google.android.gms:play-services-basement:8.4.0] AndroidManifest.xml:20:5-24:19
REJECTED from [com.android.support:support-v4:23.1.1] AndroidManifest.xml:22:5-20
REJECTED from [com.android.support:support-v13:23.1.1] AndroidManifest.xml:22:5-20
REJECTED from [com.android.support:support-v4:23.1.1] AndroidManifest.xml:22:5-20
REJECTED from [com.google.android.gms:play-services-wearable:8.4.0] AndroidManifest.xml:19:5-20
REJECTED from [com.google.android.gms:play-services-basement:8.4.0] AndroidManifest.xml:20:5-24:19
REJECTED from [com.android.support:support-v4:23.1.1] AndroidManifest.xml:22:5-20
REJECTED from [com.google.android.gms:play-services:8.4.0] AndroidManifest.xml:19:5-20
REJECTED from [com.google.android.gms:play-services-ads:8.4.0] AndroidManifest.xml:24:5-32:19
REJECTED from [com.google.android.gms:play-services-basement:8.4.0] AndroidManifest.xml:20:5-24:19
REJECTED from [com.android.support:support-v4:23.1.1] AndroidManifest.xml:22:5-20
REJECTED from [com.google.android.gms:play-services-analytics:8.4.0] AndroidManifest.xml:24:5-20
REJECTED from [com.google.android.gms:play-services-basement:8.4.0] AndroidManifest.xml:20:5-24:19
REJECTED from [com.android.support:support-v4:23.1.1] AndroidManifest.xml:22:5-20
REJECTED from [com.google.android.gms:play-services-appindexing:8.4.0] AndroidManifest.xml:19:5-20
REJECTED from [com.google.android.gms:play-services-basement:8.4.0] AndroidManifest.xml:20:5-24:19
REJECTED from [com.android.support:support-v4:23.1.1] AndroidManifest.xml:22:5-20
REJECTED from [com.google.android.gms:play-services-appinvite:8.4.0] AndroidManifest.xml:20:5-30:19
REJECTED from [com.google.android.gms:play-services-basement:8.4.0] AndroidManifest.xml:20:5-24:19
REJECTED from [com.android.support:support-v4:23.1.1] AndroidManifest.xml:22:5-20
REJECTED from [com.google.android.gms:play-services-appstate:8.4.0] AndroidManifest.xml:19:5-20
REJECTED from [com.google.android.gms:play-services-basement:8.4.0] AndroidManifest.xml:20:5-24:19
REJECTED from [com.android.support:support-v4:23.1.1] AndroidManifest.xml:22:5-20
REJECTED from [com.google.android.gms:play-services-auth:8.4.0] AndroidManifest.xml:20:5-32:19
REJECTED from [com.google.android.gms:play-services-basement:8.4.0] AndroidManifest.xml:20:5-24:19
REJECTED from [com.android.support:support-v4:23.1.1] AndroidManifest.xml:22:5-20
REJECTED from [com.google.android.gms:play-services-basement:8.4.0] AndroidManifest.xml:20:5-24:19
REJECTED from [com.android.support:support-v4:23.1.1] AndroidManifest.xml:22:5-20
REJECTED from [com.google.android.gms:play-services-basement:8.4.0] AndroidManifest.xml:20:5-24:19
REJECTED from [com.android.support:support-v4:23.1.1] AndroidManifest.xml:22:5-20
REJECTED from [com.google.android.gms:play-services-cast:8.4.0] AndroidManifest.xml:19:5-20
REJECTED from [com.google.android.gms:play-services-basement:8.4.0] AndroidManifest.xml:20:5-24:19
REJECTED from [com.android.support:support-v4:23.1.1] AndroidManifest.xml:22:5-20
REJECTED from [com.android.support:mediarouter-v7:23.0.0] AndroidManifest.xml:22:5-20
REJECTED from [com.android.support:appcompat-v7:23.1.1] AndroidManifest.xml:22:5-20
REJECTED from [com.android.support:support-v4:23.1.1] AndroidManifest.xml:22:5-20
REJECTED from [com.google.android.gms:play-services-drive:8.4.0] AndroidManifest.xml:19:5-20
REJECTED from [com.google.android.gms:play-services-basement:8.4.0] AndroidManifest.xml:20:5-24:19
REJECTED from [com.android.support:support-v4:23.1.1] AndroidManifest.xml:22:5-20
REJECTED from [com.google.android.gms:play-services-fitness:8.4.0] AndroidManifest.xml:19:5-20
REJECTED from [com.google.android.gms:play-services-basement:8.4.0] AndroidManifest.xml:20:5-24:19
REJECTED from [com.android.support:support-v4:23.1.1] AndroidManifest.xml:22:5-20
REJECTED from [com.google.android.gms:play-services-location:8.4.0] AndroidManifest.xml:19:5-20
REJECTED from [com.google.android.gms:play-services-basement:8.4.0] AndroidManifest.xml:20:5-24:19
REJECTED from [com.android.support:support-v4:23.1.1] AndroidManifest.xml:22:5-20
REJECTED from [com.google.android.gms:play-services-maps:8.4.0] AndroidManifest.xml:27:5-20
REJECTED from [com.google.android.gms:play-services-basement:8.4.0] AndroidManifest.xml:20:5-24:19
REJECTED from [com.android.support:support-v4:23.1.1] AndroidManifest.xml:22:5-20
REJECTED from [com.google.android.gms:play-services-games:8.4.0] AndroidManifest.xml:19:5-20
REJECTED from [com.google.android.gms:play-services-basement:8.4.0] AndroidManifest.xml:20:5-24:19
REJECTED from [com.android.support:support-v4:23.1.1] AndroidManifest.xml:22:5-20
REJECTED from [com.google.android.gms:play-services-drive:8.4.0] AndroidManifest.xml:19:5-20
REJECTED from [com.google.android.gms:play-services-basement:8.4.0] AndroidManifest.xml:20:5-24:19
REJECTED from [com.android.support:support-v4:23.1.1] AndroidManifest.xml:22:5-20
REJECTED from [com.google.android.gms:play-services-gcm:8.4.0] AndroidManifest.xml:24:5-20
REJECTED from [com.google.android.gms:play-services-basement:8.4.0] AndroidManifest.xml:20:5-24:19
REJECTED from [com.android.support:support-v4:23.1.1] AndroidManifest.xml:22:5-20
REJECTED from [com.google.android.gms:play-services-measurement:8.4.0] AndroidManifest.xml:26:5-46:19
REJECTED from [com.google.android.gms:play-services-basement:8.4.0] AndroidManifest.xml:20:5-24:19
REJECTED from [com.android.support:support-v4:23.1.1] AndroidManifest.xml:22:5-20
REJECTED from [com.google.android.gms:play-services-identity:8.4.0] AndroidManifest.xml:19:5-20
REJECTED from [com.google.android.gms:play-services-basement:8.4.0] AndroidManifest.xml:20:5-24:19
REJECTED from [com.android.support:support-v4:23.1.1] AndroidManifest.xml:22:5-20
REJECTED from [com.google.android.gms:play-services-location:8.4.0] AndroidManifest.xml:19:5-20
REJECTED from [com.google.android.gms:play-services-basement:8.4.0] AndroidManifest.xml:20:5-24:19
REJECTED from [com.android.support:support-v4:23.1.1] AndroidManifest.xml:22:5-20
REJECTED from [com.google.android.gms:play-services-maps:8.4.0] AndroidManifest.xml:27:5-20
REJECTED from [com.google.android.gms:play-services-basement:8.4.0] AndroidManifest.xml:20:5-24:19
REJECTED from [com.android.support:support-v4:23.1.1] AndroidManifest.xml:22:5-20
REJECTED from [com.google.android.gms:play-services-maps:8.4.0] AndroidManifest.xml:27:5-20
REJECTED from [com.google.android.gms:play-services-basement:8.4.0] AndroidManifest.xml:20:5-24:19
REJECTED from [com.android.support:support-v4:23.1.1] AndroidManifest.xml:22:5-20
REJECTED from [com.google.android.gms:play-services-measurement:8.4.0] AndroidManifest.xml:26:5-46:19
REJECTED from [com.google.android.gms:play-services-basement:8.4.0] AndroidManifest.xml:20:5-24:19
REJECTED from [com.android.support:support-v4:23.1.1] AndroidManifest.xml:22:5-20
REJECTED from [com.google.android.gms:play-services-nearby:8.4.0] AndroidManifest.xml:20:5-20
REJECTED from [com.google.android.gms:play-services-basement:8.4.0] AndroidManifest.xml:20:5-24:19
REJECTED from [com.android.support:support-v4:23.1.1] AndroidManifest.xml:22:5-20
REJECTED from [com.google.android.gms:play-services-panorama:8.4.0] AndroidManifest.xml:19:5-20
REJECTED from [com.google.android.gms:play-services-basement:8.4.0] AndroidManifest.xml:20:5-24:19
REJECTED from [com.android.support:support-v4:23.1.1] AndroidManifest.xml:22:5-20
REJECTED from [com.google.android.gms:play-services-plus:8.4.0] AndroidManifest.xml:19:5-20
REJECTED from [com.google.android.gms:play-services-basement:8.4.0] AndroidManifest.xml:20:5-24:19
REJECTED from [com.android.support:support-v4:23.1.1] AndroidManifest.xml:22:5-20
REJECTED from [com.google.android.gms:play-services-safetynet:8.4.0] AndroidManifest.xml:19:5-20
REJECTED from [com.google.android.gms:play-services-basement:8.4.0] AndroidManifest.xml:20:5-24:19
REJECTED from [com.android.support:support-v4:23.1.1] AndroidManifest.xml:22:5-20
REJECTED from [com.google.android.gms:play-services-vision:8.4.0] AndroidManifest.xml:5:5-20
REJECTED from [com.google.android.gms:play-services-basement:8.4.0] AndroidManifest.xml:20:5-24:19
REJECTED from [com.android.support:support-v4:23.1.1] AndroidManifest.xml:22:5-20
REJECTED from [com.google.android.gms:play-services-basement:8.4.0] AndroidManifest.xml:20:5-24:19
REJECTED from [com.android.support:support-v4:23.1.1] AndroidManifest.xml:22:5-20
REJECTED from [com.google.android.gms:play-services-identity:8.4.0] AndroidManifest.xml:19:5-20
REJECTED from [com.google.android.gms:play-services-basement:8.4.0] AndroidManifest.xml:20:5-24:19
REJECTED from [com.android.support:support-v4:23.1.1] AndroidManifest.xml:22:5-20
REJECTED from [com.google.android.gms:play-services-maps:8.4.0] AndroidManifest.xml:27:5-20
REJECTED from [com.google.android.gms:play-services-basement:8.4.0] AndroidManifest.xml:20:5-24:19
REJECTED from [com.android.support:support-v4:23.1.1] AndroidManifest.xml:22:5-20
REJECTED from [com.google.android.gms:play-services-wearable:8.4.0] AndroidManifest.xml:19:5-20
REJECTED from [com.google.android.gms:play-services-basement:8.4.0] AndroidManifest.xml:20:5-24:19
REJECTED from [com.android.support:support-v4:23.1.1] AndroidManifest.xml:22:5-20
REJECTED from [com.google.android.gms:play-services-location:8.4.0] AndroidManifest.xml:19:5-20
REJECTED from [com.google.android.gms:play-services-basement:8.4.0] AndroidManifest.xml:20:5-24:19
REJECTED from [com.android.support:support-v4:23.1.1] AndroidManifest.xml:22:5-20
REJECTED from [com.google.android.gms:play-services-maps:8.4.0] AndroidManifest.xml:27:5-20
REJECTED from [com.google.android.gms:play-services-basement:8.4.0] AndroidManifest.xml:20:5-24:19
REJECTED from [com.android.support:support-v4:23.1.1] AndroidManifest.xml:22:5-20
REJECTED from [com.google.android.support:wearable:1.3.0] AndroidManifest.xml:8:5-20
REJECTED from [com.android.support:recyclerview-v7:22.0.0] AndroidManifest.xml:22:5-26:19
REJECTED from [com.android.support:support-v4:23.1.1] AndroidManifest.xml:22:5-20
REJECTED from [com.android.support:support-v4:23.1.1] AndroidManifest.xml:22:5-20
REJECTED from [me.denley.courier:courier:1.2.1] AndroidManifest.xml:10:5-20
REJECTED from [com.google.android.gms:play-services-wearable:8.4.0] AndroidManifest.xml:19:5-20
REJECTED from [com.google.android.gms:play-services-basement:8.4.0] AndroidManifest.xml:20:5-24:19
REJECTED from [com.android.support:support-v4:23.1.1] AndroidManifest.xml:22:5-20
	tools:node
		ADDED from [breathe-android-app:shared:unspecified] AndroidManifest.xml:15:9-29
	android:label
		ADDED from src/main/AndroidManifest.xml:46:9-41
		REJECTED from [breathe-android-app:shared:unspecified] AndroidManifest.xml:14:9-44
	android:allowBackup
		ADDED from src/main/AndroidManifest.xml:44:9-35
	android:icon
		ADDED from src/main/AndroidManifest.xml:45:9-42
	android:theme
		ADDED from src/main/AndroidManifest.xml:47:9-40
	tools:replace
		ADDED from src/main/AndroidManifest.xml:48:9-38
uses-library#com.google.android.wearable
ADDED from src/main/AndroidManifest.xml:49:9-51:40
	android:required
		ADDED from src/main/AndroidManifest.xml:51:13-37
	android:name
		ADDED from src/main/AndroidManifest.xml:50:13-55
receiver#com.breatheplatform.beta.autostart.StartMyActivityAtBootReceiver
ADDED from src/main/AndroidManifest.xml:63:9-72:20
	android:enabled
		ADDED from src/main/AndroidManifest.xml:65:13-35
	android:permission
		ADDED from src/main/AndroidManifest.xml:66:13-75
	android:name
		ADDED from src/main/AndroidManifest.xml:64:13-68
intent-filter#android.intent.action.BOOT_COMPLETED+android.intent.category.DEFAULT
ADDED from src/main/AndroidManifest.xml:67:13-71:29
action#android.intent.action.BOOT_COMPLETED
ADDED from src/main/AndroidManifest.xml:68:17-79
	android:name
		ADDED from src/main/AndroidManifest.xml:68:25-76
category#android.intent.category.DEFAULT
ADDED from src/main/AndroidManifest.xml:70:17-76
	android:name
		ADDED from src/main/AndroidManifest.xml:70:27-73
activity#com.breatheplatform.beta.MainActivity
ADDED from src/main/AndroidManifest.xml:80:9-97:20
	android:label
		ADDED from src/main/AndroidManifest.xml:82:13-45
	android:launchMode
		ADDED from src/main/AndroidManifest.xml:83:13-48